0 info it worked if it ends with ok
1 verbose cli [ '/home/amanoese/.nodebrew/node/v5.12.0/bin/node',
1 verbose cli   '/home/amanoese/.nodebrew/current/bin/npm',
1 verbose cli   'run',
1 verbose cli   'test' ]
2 info using npm@3.8.6
3 info using node@v5.12.0
4 verbose run-script [ 'pretest', 'test', 'posttest' ]
5 info lifecycle yukichant@2.2.1~pretest: yukichant@2.2.1
6 silly lifecycle yukichant@2.2.1~pretest: no script for pretest, continuing
7 info lifecycle yukichant@2.2.1~test: yukichant@2.2.1
8 verbose lifecycle yukichant@2.2.1~test: unsafe-perm in lifecycle true
9 verbose lifecycle yukichant@2.2.1~test: PATH: /home/amanoese/.nodebrew/node/v5.12.0/lib/node_modules/npm/bin/node-gyp-bin:/home/amanoese/repos/yukichant/node_modules/.bin:/home/amanoese/.nodebrew/node/v5.12.0/bin:/home/amanoese/.cargo/bin:/home/amanoese/bin:/home/amanoese/.deno/bin:/home/amanoese/.nodebrew/current/bin:/home/amanoese/.cargo/bin:/home/amanoese/bin:/usr/local/sbin:/usr/local/bin:/usr/sbin:/usr/bin:/sbin:/bin:/usr/games:/usr/local/games:/snap/bin
10 verbose lifecycle yukichant@2.2.1~test: CWD: /home/amanoese/repos/yukichant
11 silly lifecycle yukichant@2.2.1~test: Args: [ '-c', 'jest' ]
12 silly lifecycle yukichant@2.2.1~test: Returned: code: 1  signal: null
13 info lifecycle yukichant@2.2.1~test: Failed to exec test script
14 verbose stack Error: yukichant@2.2.1 test: `jest`
14 verbose stack Exit status 1
14 verbose stack     at EventEmitter.<anonymous> (/home/amanoese/.nodebrew/node/v5.12.0/lib/node_modules/npm/lib/utils/lifecycle.js:239:16)
14 verbose stack     at emitTwo (events.js:100:13)
14 verbose stack     at EventEmitter.emit (events.js:185:7)
14 verbose stack     at ChildProcess.<anonymous> (/home/amanoese/.nodebrew/node/v5.12.0/lib/node_modules/npm/lib/utils/spawn.js:24:14)
14 verbose stack     at emitTwo (events.js:100:13)
14 verbose stack     at ChildProcess.emit (events.js:185:7)
14 verbose stack     at maybeClose (internal/child_process.js:850:16)
14 verbose stack     at Process.ChildProcess._handle.onexit (internal/child_process.js:215:5)
15 verbose pkgid yukichant@2.2.1
16 verbose cwd /home/amanoese/repos/yukichant
17 error Linux 5.0.0-31-generic
18 error argv "/home/amanoese/.nodebrew/node/v5.12.0/bin/node" "/home/amanoese/.nodebrew/current/bin/npm" "run" "test"
19 error node v5.12.0
20 error npm  v3.8.6
21 error code ELIFECYCLE
22 error yukichant@2.2.1 test: `jest`
22 error Exit status 1
23 error Failed at the yukichant@2.2.1 test script 'jest'.
23 error Make sure you have the latest version of node.js and npm installed.
23 error If you do, this is most likely a problem with the yukichant package,
23 error not with npm itself.
23 error Tell the author that this fails on your system:
23 error     jest
23 error You can get information on how to open an issue for this project with:
23 error     npm bugs yukichant
23 error Or if that isn't available, you can get their info via:
23 error     npm owner ls yukichant
23 error There is likely additional logging output above.
24 verbose exit [ 1, true ]
